<?xml version="1.0" encoding="UTF-8"?>
<testsuite name="com.example.app.DBSelectTest" tests="1" skipped="0" failures="0" errors="0" timestamp="2022-05-11T05:48:46" hostname="56ca64917439" time="3.869">
  <properties/>
  <testcase name="contextLoads()" classname="com.example.app.DBSelectTest" time="3.869"/>
  <system-out><![CDATA[2022-05-11 05:48:29.862  INFO 574 --- [    Test worker] .b.t.c.SpringBootTestContextBootstrapper : Neither @ContextConfiguration nor @ContextHierarchy found for test class [com.example.app.DBSelectTest], using SpringBootContextLoader
2022-05-11 05:48:29.885  INFO 574 --- [    Test worker] o.s.t.c.support.AbstractContextLoader    : Could not detect default resource locations for test class [com.example.app.DBSelectTest]: no resource found for suffixes {-context.xml, Context.groovy}.
2022-05-11 05:48:29.886  INFO 574 --- [    Test worker] t.c.s.AnnotationConfigContextLoaderUtils : Could not detect default configuration classes for test class [com.example.app.DBSelectTest]: DBSelectTest does not declare any static, non-private, non-final, nested classes annotated with @Configuration.
2022-05-11 05:48:29.948  INFO 574 --- [    Test worker] .b.t.c.SpringBootTestContextBootstrapper : Found @SpringBootConfiguration com.example.app.AppApplication for test class com.example.app.DBSelectTest
2022-05-11 05:48:30.006  INFO 574 --- [    Test worker] .b.t.c.SpringBootTestContextBootstrapper : Using TestExecutionListeners: [org.springframework.test.context.support.DependencyInjectionTestExecutionListener@4df13b7e, org.springframework.test.context.transaction.TransactionalTestExecutionListener@477d6f66, com.github.springtestdbunit.DbUnitTestExecutionListener@12b66c89]

  .   ____          _            __ _ _
 /\\ / ___'_ __ _ _(_)_ __  __ _ \ \ \ \
( ( )\___ | '_ | '_| | '_ \/ _` | \ \ \ \
 \\/  ___)| |_)| | | | | || (_| |  ) ) ) )
  '  |____| .__|_| |_|_| |_\__, | / / / /
 =========|_|==============|___/=/_/_/_/
 :: Spring Boot ::                (v2.6.7)

2022-05-11 05:48:30.388  INFO 574 --- [    Test worker] com.example.app.DBSelectTest             : Starting DBSelectTest using Java 15.0.2 on 56ca64917439 with PID 574 (started by root in /srv)
2022-05-11 05:48:30.389  INFO 574 --- [    Test worker] com.example.app.DBSelectTest             : No active profile set, falling back to 1 default profile: "default"
2022-05-11 05:48:30.447 TRACE 574 --- [    Test worker] o.s.w.c.s.GenericWebApplicationContext   : Refreshing org.springframework.web.context.support.GenericWebApplicationContext@145f1f97, started on Wed May 11 05:48:30 UTC 2022
2022-05-11 05:48:33.334  INFO 574 --- [    Test worker] .s.d.r.c.RepositoryConfigurationDelegate : Bootstrapping Spring Data JPA repositories in DEFAULT mode.
2022-05-11 05:48:33.812  INFO 574 --- [    Test worker] .s.d.r.c.RepositoryConfigurationDelegate : Finished Spring Data repository scanning in 475 ms. Found 1 JPA repository interfaces.
2022-05-11 05:48:35.152 TRACE 574 --- [    Test worker] o.s.w.c.s.GenericWebApplicationContext   : No 'messageSource' bean, using [Empty MessageSource]
2022-05-11 05:48:35.153 TRACE 574 --- [    Test worker] o.s.w.c.s.GenericWebApplicationContext   : No 'applicationEventMulticaster' bean, using [SimpleApplicationEventMulticaster]
2022-05-11 05:48:35.686  INFO 574 --- [    Test worker] com.zaxxer.hikari.HikariDataSource       : HikariPool-2 - Starting...
2022-05-11 05:48:35.731  INFO 574 --- [    Test worker] com.zaxxer.hikari.HikariDataSource       : HikariPool-2 - Start completed.
2022-05-11 05:48:36.373  INFO 574 --- [    Test worker] o.hibernate.jpa.internal.util.LogHelper  : HHH000204: Processing PersistenceUnitInfo [name: default]
2022-05-11 05:48:36.622  INFO 574 --- [    Test worker] org.hibernate.dialect.Dialect            : HHH000400: Using dialect: org.hibernate.dialect.MySQL8Dialect
2022-05-11 05:48:36.960  INFO 574 --- [    Test worker] o.h.e.t.j.p.i.JtaPlatformInitiator       : HHH000490: Using JtaPlatform implementation: [org.hibernate.engine.transaction.jta.platform.internal.NoJtaPlatform]
2022-05-11 05:48:36.961  INFO 574 --- [    Test worker] j.LocalContainerEntityManagerFactoryBean : Initialized JPA EntityManagerFactory for persistence unit 'default'
2022-05-11 05:48:39.729  WARN 574 --- [    Test worker] JpaBaseConfiguration$JpaWebConfiguration : spring.jpa.open-in-view is enabled by default. Therefore, database queries may be performed during view rendering. Explicitly configure spring.jpa.open-in-view to disable this warning
2022-05-11 05:48:41.439 DEBUG 574 --- [    Test worker] s.w.s.m.m.a.RequestMappingHandlerAdapter : ControllerAdvice beans: 0 @ModelAttribute, 0 @InitBinder, 1 RequestBodyAdvice, 1 ResponseBodyAdvice
2022-05-11 05:48:41.787 TRACE 574 --- [    Test worker] s.w.s.m.m.a.RequestMappingHandlerMapping : 
	c.e.a.AppApplication:
	{ [/]}: home()
2022-05-11 05:48:41.790 TRACE 574 --- [    Test worker] s.w.s.m.m.a.RequestMappingHandlerMapping : 
	c.e.a.c.HelloController:
	{GET [/]}: index(Model)
2022-05-11 05:48:41.794 TRACE 574 --- [    Test worker] s.w.s.m.m.a.RequestMappingHandlerMapping : 
	c.e.a.c.UserController:
	{GET [/users]}: index(Model)
	{POST [/users]}: create(User)
	{GET [/users/new]}: newUser(Model)
	{POST [/users/confirm]}: confirm(String,String,String,Model)
2022-05-11 05:48:41.798 TRACE 574 --- [    Test worker] s.w.s.m.m.a.RequestMappingHandlerMapping : 
	o.s.b.a.w.s.e.BasicErrorController:
	{ [/error]}: error(HttpServletRequest)
	{ [/error], produces [text/html]}: errorHtml(HttpServletRequest,HttpServletResponse)
2022-05-11 05:48:41.800 DEBUG 574 --- [    Test worker] s.w.s.m.m.a.RequestMappingHandlerMapping : 8 mappings in 'requestMappingHandlerMapping'
2022-05-11 05:48:41.908  INFO 574 --- [    Test worker] o.s.b.a.w.s.WelcomePageHandlerMapping    : Adding welcome page template: index
2022-05-11 05:48:42.523 DEBUG 574 --- [    Test worker] o.s.w.s.h.BeanNameUrlHandlerMapping      : Detected 0 mappings in 'beanNameHandlerMapping'
2022-05-11 05:48:42.716 TRACE 574 --- [    Test worker] o.s.w.s.f.support.RouterFunctionMapping  : 0 RouterFunction(s) in 'routerFunctionMapping'
2022-05-11 05:48:42.926 TRACE 574 --- [    Test worker] o.s.w.s.handler.SimpleUrlHandlerMapping  : Mapped [/webjars/**] onto ResourceHttpRequestHandler [classpath [META-INF/resources/webjars/]]
2022-05-11 05:48:42.928 TRACE 574 --- [    Test worker] o.s.w.s.handler.SimpleUrlHandlerMapping  : Mapped [/**] onto ResourceHttpRequestHandler [classpath [META-INF/resources/], classpath [resources/], classpath [static/], classpath [public/], ServletContext [/]]
2022-05-11 05:48:42.929 DEBUG 574 --- [    Test worker] o.s.w.s.handler.SimpleUrlHandlerMapping  : Patterns [/webjars/**, /**] in 'resourceHandlerMapping'
2022-05-11 05:48:43.100 DEBUG 574 --- [    Test worker] .m.m.a.ExceptionHandlerExceptionResolver : ControllerAdvice beans: 0 @ExceptionHandler, 1 ResponseBodyAdvice
2022-05-11 05:48:46.049 TRACE 574 --- [    Test worker] o.s.w.c.s.GenericWebApplicationContext   : Using LifecycleProcessor [org.springframework.context.support.DefaultLifecycleProcessor@ae5d544]
2022-05-11 05:48:46.057  INFO 574 --- [    Test worker] com.example.app.DBSelectTest             : Started DBSelectTest in 16.034 seconds (JVM running for 88.788)
2022-05-11 05:48:46.671  INFO 574 --- [    Test worker] o.s.t.c.transaction.TransactionContext   : Began transaction (1) for test context [DefaultTestContext@53086bdc testClass = DBSelectTest, testInstance = com.example.app.DBSelectTest@254210b1, testMethod = contextLoads@DBSelectTest, testException = [null], mergedContextConfiguration = [WebMergedContextConfiguration@600a1270 testClass = DBSelectTest, locations = '{}', classes = '{class com.example.app.AppApplication}', contextInitializerClasses = '[]', activeProfiles = '{}', propertySourceLocations = '{}', propertySourceProperties = '{org.springframework.boot.test.context.SpringBootTestContextBootstrapper=true}', contextCustomizers = set[org.springframework.boot.test.autoconfigure.actuate.metrics.MetricsExportContextCustomizerFactory$DisableMetricExportContextCustomizer@1b955cac, org.springframework.boot.test.autoconfigure.properties.PropertyMappingContextCustomizer@0, org.springframework.boot.test.autoconfigure.web.servlet.WebDriverContextCustomizerFactory$Customizer@33308786, [ImportsContextCustomizer@3829306d key = [org.springframework.boot.test.context.TestConfiguration]], org.springframework.boot.test.context.filter.ExcludeFilterContextCustomizer@5443d039, org.springframework.boot.test.json.DuplicateJsonObjectContextCustomizerFactory$DuplicateJsonObjectContextCustomizer@48e92c5c, org.springframework.boot.test.mock.mockito.MockitoContextCustomizer@0, org.springframework.boot.test.web.client.TestRestTemplateContextCustomizer@6155d082, org.springframework.boot.test.context.SpringBootTestArgs@1, org.springframework.boot.test.context.SpringBootTestWebEnvironment@50caa560], resourceBasePath = 'src/main/webapp', contextLoader = 'org.springframework.boot.test.context.SpringBootContextLoader', parent = [null]], attributes = map['org.springframework.test.context.web.ServletTestExecutionListener.activateListener' -> true, 'com.github.springtestdbunit.DbUnitTestExecutionListener.connection' -> com.github.springtestdbunit.DatabaseConnections@28effa3f, 'com.github.springtestdbunit.DbUnitTestExecutionListener.databseOperationLookup' -> com.github.springtestdbunit.operation.DefaultDatabaseOperationLookup@1d1da00b, 'com.github.springtestdbunit.DbUnitTestExecutionListener.dataSetLoader' -> com.example.app.CsvDataSetLoader@2db4a84a]]; transaction manager [org.springframework.orm.jpa.JpaTransactionManager@7b55fc83]; rollback [true]
2022-05-11 05:48:47.851  WARN 574 --- [    Test worker] o.dbunit.dataset.AbstractTableMetaData   : Potential problem found: The configured data type factory 'class org.dbunit.dataset.datatype.DefaultDataTypeFactory' might cause problems with the current database 'MySQL' (e.g. some datatypes may not be supported properly). In rare cases you might see this message because the list of supported database products is incomplete (list=[derby]). If so please request a java-class update via the forums.If you are using your own IDataTypeFactory extending DefaultDataTypeFactory, ensure that you override getValidDbProducts() to specify the supported database products.
2022-05-11 05:48:50.386  INFO 574 --- [    Test worker] o.s.t.c.transaction.TransactionContext   : Rolled back transaction for test: [DefaultTestContext@53086bdc testClass = DBSelectTest, testInstance = com.example.app.DBSelectTest@254210b1, testMethod = contextLoads@DBSelectTest, testException = [null], mergedContextConfiguration = [WebMergedContextConfiguration@600a1270 testClass = DBSelectTest, locations = '{}', classes = '{class com.example.app.AppApplication}', contextInitializerClasses = '[]', activeProfiles = '{}', propertySourceLocations = '{}', propertySourceProperties = '{org.springframework.boot.test.context.SpringBootTestContextBootstrapper=true}', contextCustomizers = set[org.springframework.boot.test.autoconfigure.actuate.metrics.MetricsExportContextCustomizerFactory$DisableMetricExportContextCustomizer@1b955cac, org.springframework.boot.test.autoconfigure.properties.PropertyMappingContextCustomizer@0, org.springframework.boot.test.autoconfigure.web.servlet.WebDriverContextCustomizerFactory$Customizer@33308786, [ImportsContextCustomizer@3829306d key = [org.springframework.boot.test.context.TestConfiguration]], org.springframework.boot.test.context.filter.ExcludeFilterContextCustomizer@5443d039, org.springframework.boot.test.json.DuplicateJsonObjectContextCustomizerFactory$DuplicateJsonObjectContextCustomizer@48e92c5c, org.springframework.boot.test.mock.mockito.MockitoContextCustomizer@0, org.springframework.boot.test.web.client.TestRestTemplateContextCustomizer@6155d082, org.springframework.boot.test.context.SpringBootTestArgs@1, org.springframework.boot.test.context.SpringBootTestWebEnvironment@50caa560], resourceBasePath = 'src/main/webapp', contextLoader = 'org.springframework.boot.test.context.SpringBootContextLoader', parent = [null]], attributes = map['org.springframework.test.context.web.ServletTestExecutionListener.activateListener' -> true, 'com.github.springtestdbunit.DbUnitTestExecutionListener.connection' -> com.github.springtestdbunit.DatabaseConnections@28effa3f, 'com.github.springtestdbunit.DbUnitTestExecutionListener.databseOperationLookup' -> com.github.springtestdbunit.operation.DefaultDatabaseOperationLookup@1d1da00b, 'com.github.springtestdbunit.DbUnitTestExecutionListener.dataSetLoader' -> com.example.app.CsvDataSetLoader@2db4a84a]]
]]></system-out>
  <system-err><![CDATA[]]></system-err>
</testsuite>
