<?xml version="1.0" encoding="UTF-8"?>
<testsuite name="com.example.app.user.UserControllerTests" tests="3" skipped="0" failures="0" errors="0" timestamp="2022-05-10T14:42:49" hostname="94e6a9a8161d" time="0.46">
  <properties/>
  <testcase name="index処理でviewとしてindexが渡される()" classname="com.example.app.user.UserControllerTests" time="0.261"/>
  <testcase name="new処理でviewとしてnewが渡される()" classname="com.example.app.user.UserControllerTests" time="0.058"/>
  <testcase name="フォームの入力値に対する確認画面へ()" classname="com.example.app.user.UserControllerTests" time="0.139"/>
  <system-out><![CDATA[2022-05-10 14:42:49.104  INFO 532 --- [    Test worker] .b.t.c.SpringBootTestContextBootstrapper : Neither @ContextConfiguration nor @ContextHierarchy found for test class [com.example.app.user.UserControllerTests], using SpringBootContextLoader
2022-05-10 14:42:49.121  INFO 532 --- [    Test worker] o.s.t.c.support.AbstractContextLoader    : Could not detect default resource locations for test class [com.example.app.user.UserControllerTests]: no resource found for suffixes {-context.xml, Context.groovy}.
2022-05-10 14:42:49.122  INFO 532 --- [    Test worker] t.c.s.AnnotationConfigContextLoaderUtils : Could not detect default configuration classes for test class [com.example.app.user.UserControllerTests]: UserControllerTests does not declare any static, non-private, non-final, nested classes annotated with @Configuration.
2022-05-10 14:42:49.247  INFO 532 --- [    Test worker] .b.t.c.SpringBootTestContextBootstrapper : Found @SpringBootConfiguration com.example.app.AppApplication for test class com.example.app.user.UserControllerTests
2022-05-10 14:42:49.270  INFO 532 --- [    Test worker] .b.t.c.SpringBootTestContextBootstrapper : Loaded default TestExecutionListener class names from location [META-INF/spring.factories]: [org.springframework.boot.test.autoconfigure.restdocs.RestDocsTestExecutionListener, org.springframework.boot.test.autoconfigure.web.client.MockRestServiceServerResetTestExecutionListener, org.springframework.boot.test.autoconfigure.web.servlet.MockMvcPrintOnlyOnFailureTestExecutionListener, org.springframework.boot.test.autoconfigure.web.servlet.WebDriverTestExecutionListener, org.springframework.boot.test.autoconfigure.webservices.client.MockWebServiceServerTestExecutionListener, org.springframework.boot.test.mock.mockito.MockitoTestExecutionListener, org.springframework.boot.test.mock.mockito.ResetMocksTestExecutionListener, org.springframework.test.context.web.ServletTestExecutionListener, org.springframework.test.context.support.DirtiesContextBeforeModesTestExecutionListener, org.springframework.test.context.event.ApplicationEventsTestExecutionListener, org.springframework.test.context.support.DependencyInjectionTestExecutionListener, org.springframework.test.context.support.DirtiesContextTestExecutionListener, org.springframework.test.context.transaction.TransactionalTestExecutionListener, org.springframework.test.context.jdbc.SqlScriptsTestExecutionListener, org.springframework.test.context.event.EventPublishingTestExecutionListener]
2022-05-10 14:42:49.271  INFO 532 --- [    Test worker] .b.t.c.SpringBootTestContextBootstrapper : Using TestExecutionListeners: [org.springframework.test.context.web.ServletTestExecutionListener@456c6754, org.springframework.test.context.support.DirtiesContextBeforeModesTestExecutionListener@72de1d86, org.springframework.test.context.event.ApplicationEventsTestExecutionListener@9124278, org.springframework.boot.test.mock.mockito.MockitoTestExecutionListener@524250ec, org.springframework.boot.test.autoconfigure.SpringBootDependencyInjectionTestExecutionListener@7432cb37, org.springframework.test.context.support.DirtiesContextTestExecutionListener@7602da1a, org.springframework.test.context.transaction.TransactionalTestExecutionListener@6d985720, org.springframework.test.context.jdbc.SqlScriptsTestExecutionListener@2d1dbf4f, org.springframework.test.context.event.EventPublishingTestExecutionListener@4f94b2a8, org.springframework.boot.test.autoconfigure.restdocs.RestDocsTestExecutionListener@2f26634a, org.springframework.boot.test.autoconfigure.web.client.MockRestServiceServerResetTestExecutionListener@2810d9, org.springframework.boot.test.autoconfigure.web.servlet.MockMvcPrintOnlyOnFailureTestExecutionListener@408f3054, org.springframework.boot.test.autoconfigure.web.servlet.WebDriverTestExecutionListener@2a64cb1f, org.springframework.boot.test.autoconfigure.webservices.client.MockWebServiceServerTestExecutionListener@3644d12a, org.springframework.boot.test.mock.mockito.ResetMocksTestExecutionListener@76aab1e3]
2022-05-10 14:42:49.302 TRACE 532 --- [    Test worker] s.w.s.m.m.a.RequestMappingHandlerMapping : Mapped to com.example.app.controller.UserController#index(Model)
2022-05-10 14:42:49.303 TRACE 532 --- [    Test worker] o.s.web.method.HandlerMethod             : Arguments: [{}]
2022-05-10 14:42:49.311 TRACE 532 --- [    Test worker] s.w.s.m.m.a.RequestMappingHandlerAdapter : Applying default cacheSeconds=-1
2022-05-10 14:42:49.312 DEBUG 532 --- [    Test worker] o.s.w.s.v.ContentNegotiatingViewResolver : Selected '*/*' given [*/*]
2022-05-10 14:42:49.563 TRACE 532 --- [    Test worker] s.w.s.m.m.a.RequestMappingHandlerMapping : Mapped to com.example.app.controller.UserController#newUser(Model)
2022-05-10 14:42:49.564 TRACE 532 --- [    Test worker] o.s.web.method.HandlerMethod             : Arguments: [{}]
2022-05-10 14:42:49.565 TRACE 532 --- [    Test worker] s.w.s.m.m.a.RequestMappingHandlerAdapter : Applying default cacheSeconds=-1
2022-05-10 14:42:49.566 DEBUG 532 --- [    Test worker] o.s.w.s.v.ContentNegotiatingViewResolver : Selected '*/*' given [*/*]
2022-05-10 14:42:49.623 TRACE 532 --- [    Test worker] s.w.s.m.m.a.RequestMappingHandlerMapping : Mapped to com.example.app.controller.UserController#confirm(String, String, String, Model)
2022-05-10 14:42:49.703 TRACE 532 --- [    Test worker] o.s.web.method.HandlerMethod             : Arguments: [テスト, test@test, テストです。, {}]
2022-05-10 14:42:49.704 TRACE 532 --- [    Test worker] s.w.s.m.m.a.RequestMappingHandlerAdapter : Applying default cacheSeconds=-1
2022-05-10 14:42:49.705 DEBUG 532 --- [    Test worker] o.s.w.s.v.ContentNegotiatingViewResolver : Selected '*/*' given [*/*]
]]></system-out>
  <system-err><![CDATA[]]></system-err>
</testsuite>
