<?xml version="1.0" encoding="UTF-8"?>
<testsuite name="com.example.app.DBSelectTest" tests="1" skipped="0" failures="0" errors="0" timestamp="2022-05-10T08:22:49" hostname="907a9a7408c2" time="3.474">
  <properties/>
  <testcase name="contextLoads()" classname="com.example.app.DBSelectTest" time="3.474"/>
  <system-out><![CDATA[08:22:03.994 [Test worker] DEBUG org.springframework.test.context.BootstrapUtils - Instantiating CacheAwareContextLoaderDelegate from class [org.springframework.test.context.cache.DefaultCacheAwareContextLoaderDelegate]
08:22:04.108 [Test worker] DEBUG org.springframework.test.context.BootstrapUtils - Instantiating BootstrapContext using constructor [public org.springframework.test.context.support.DefaultBootstrapContext(java.lang.Class,org.springframework.test.context.CacheAwareContextLoaderDelegate)]
08:22:04.366 [Test worker] DEBUG org.springframework.test.context.BootstrapUtils - Instantiating TestContextBootstrapper for test class [com.example.app.DBSelectTest] from class [org.springframework.boot.test.context.SpringBootTestContextBootstrapper]
08:22:04.488 [Test worker] INFO org.springframework.boot.test.context.SpringBootTestContextBootstrapper - Neither @ContextConfiguration nor @ContextHierarchy found for test class [com.example.app.DBSelectTest], using SpringBootContextLoader
08:22:04.522 [Test worker] DEBUG org.springframework.test.context.support.AbstractContextLoader - Did not detect default resource location for test class [com.example.app.DBSelectTest]: class path resource [com/example/app/DBSelectTest-context.xml] does not exist
08:22:04.529 [Test worker] DEBUG org.springframework.test.context.support.AbstractContextLoader - Did not detect default resource location for test class [com.example.app.DBSelectTest]: class path resource [com/example/app/DBSelectTestContext.groovy] does not exist
08:22:04.529 [Test worker] INFO org.springframework.test.context.support.AbstractContextLoader - Could not detect default resource locations for test class [com.example.app.DBSelectTest]: no resource found for suffixes {-context.xml, Context.groovy}.
08:22:04.534 [Test worker] INFO org.springframework.test.context.support.AnnotationConfigContextLoaderUtils - Could not detect default configuration classes for test class [com.example.app.DBSelectTest]: DBSelectTest does not declare any static, non-private, non-final, nested classes annotated with @Configuration.
08:22:04.964 [Test worker] DEBUG org.springframework.test.context.support.ActiveProfilesUtils - Could not find an 'annotation declaring class' for annotation type [org.springframework.test.context.ActiveProfiles] and class [com.example.app.DBSelectTest]
08:22:05.461 [Test worker] DEBUG org.springframework.context.annotation.ClassPathScanningCandidateComponentProvider - Identified candidate component class: file [/srv/build/classes/java/main/com/example/app/AppApplication.class]
08:22:05.471 [Test worker] INFO org.springframework.boot.test.context.SpringBootTestContextBootstrapper - Found @SpringBootConfiguration com.example.app.AppApplication for test class com.example.app.DBSelectTest
08:22:06.532 [Test worker] INFO org.springframework.boot.test.context.SpringBootTestContextBootstrapper - Using TestExecutionListeners: [org.springframework.test.context.support.DependencyInjectionTestExecutionListener@665e9289, org.springframework.test.context.transaction.TransactionalTestExecutionListener@7d3430a7, com.github.springtestdbunit.DbUnitTestExecutionListener@6f603e89]
08:22:06.595 [Test worker] DEBUG org.springframework.test.context.support.DependencyInjectionTestExecutionListener - Performing dependency injection for test context [[DefaultTestContext@24bdb479 testClass = DBSelectTest, testInstance = com.example.app.DBSelectTest@7e3f95fe, testMethod = [null], testException = [null], mergedContextConfiguration = [WebMergedContextConfiguration@34625ccd testClass = DBSelectTest, locations = '{}', classes = '{class com.example.app.AppApplication}', contextInitializerClasses = '[]', activeProfiles = '{}', propertySourceLocations = '{}', propertySourceProperties = '{org.springframework.boot.test.context.SpringBootTestContextBootstrapper=true}', contextCustomizers = set[org.springframework.boot.test.autoconfigure.actuate.metrics.MetricsExportContextCustomizerFactory$DisableMetricExportContextCustomizer@b2c5e07, org.springframework.boot.test.autoconfigure.properties.PropertyMappingContextCustomizer@0, org.springframework.boot.test.autoconfigure.web.servlet.WebDriverContextCustomizerFactory$Customizer@29a0cdb, [ImportsContextCustomizer@2c7d121c key = [org.springframework.boot.test.context.TestConfiguration]], org.springframework.boot.test.context.filter.ExcludeFilterContextCustomizer@24111ef1, org.springframework.boot.test.json.DuplicateJsonObjectContextCustomizerFactory$DuplicateJsonObjectContextCustomizer@5dcb4f5f, org.springframework.boot.test.mock.mockito.MockitoContextCustomizer@0, org.springframework.boot.test.web.client.TestRestTemplateContextCustomizer@51acdf2e, org.springframework.boot.test.context.SpringBootTestArgs@1, org.springframework.boot.test.context.SpringBootTestWebEnvironment@355ce81c], resourceBasePath = 'src/main/webapp', contextLoader = 'org.springframework.boot.test.context.SpringBootContextLoader', parent = [null]], attributes = map['org.springframework.test.context.web.ServletTestExecutionListener.activateListener' -> true]]].

  .   ____          _            __ _ _
 /\\ / ___'_ __ _ _(_)_ __  __ _ \ \ \ \
( ( )\___ | '_ | '_| | '_ \/ _` | \ \ \ \
 \\/  ___)| |_)| | | | | || (_| |  ) ) ) )
  '  |____| .__|_| |_|_| |_\__, | / / / /
 =========|_|==============|___/=/_/_/_/
 :: Spring Boot ::                (v2.6.7)

2022-05-10 08:22:09.379  INFO 4439 --- [    Test worker] com.example.app.DBSelectTest             : Starting DBSelectTest using Java 15.0.2 on 907a9a7408c2 with PID 4439 (started by root in /srv)
2022-05-10 08:22:09.384  INFO 4439 --- [    Test worker] com.example.app.DBSelectTest             : No active profile set, falling back to 1 default profile: "default"
2022-05-10 08:22:09.509 TRACE 4439 --- [    Test worker] o.s.w.c.s.GenericWebApplicationContext   : Refreshing org.springframework.web.context.support.GenericWebApplicationContext@7e0b9178, started on Tue May 10 08:22:09 UTC 2022
2022-05-10 08:22:14.177  INFO 4439 --- [    Test worker] .s.d.r.c.RepositoryConfigurationDelegate : Bootstrapping Spring Data JPA repositories in DEFAULT mode.
2022-05-10 08:22:14.913  INFO 4439 --- [    Test worker] .s.d.r.c.RepositoryConfigurationDelegate : Finished Spring Data repository scanning in 643 ms. Found 1 JPA repository interfaces.
2022-05-10 08:22:19.031 TRACE 4439 --- [    Test worker] o.s.w.c.s.GenericWebApplicationContext   : No 'messageSource' bean, using [Empty MessageSource]
2022-05-10 08:22:19.032 TRACE 4439 --- [    Test worker] o.s.w.c.s.GenericWebApplicationContext   : No 'applicationEventMulticaster' bean, using [SimpleApplicationEventMulticaster]
2022-05-10 08:22:20.149  INFO 4439 --- [    Test worker] com.zaxxer.hikari.HikariDataSource       : HikariPool-1 - Starting...
2022-05-10 08:22:21.989  INFO 4439 --- [    Test worker] com.zaxxer.hikari.HikariDataSource       : HikariPool-1 - Start completed.
2022-05-10 08:22:22.946  INFO 4439 --- [    Test worker] o.hibernate.jpa.internal.util.LogHelper  : HHH000204: Processing PersistenceUnitInfo [name: default]
2022-05-10 08:22:23.947  INFO 4439 --- [    Test worker] org.hibernate.Version                    : HHH000412: Hibernate ORM core version 5.6.8.Final
2022-05-10 08:22:26.326  INFO 4439 --- [    Test worker] o.hibernate.annotations.common.Version   : HCANN000001: Hibernate Commons Annotations {5.1.2.Final}
2022-05-10 08:22:28.766  INFO 4439 --- [    Test worker] org.hibernate.dialect.Dialect            : HHH000400: Using dialect: org.hibernate.dialect.MySQL8Dialect
2022-05-10 08:22:36.376  INFO 4439 --- [    Test worker] o.h.e.t.j.p.i.JtaPlatformInitiator       : HHH000490: Using JtaPlatform implementation: [org.hibernate.engine.transaction.jta.platform.internal.NoJtaPlatform]
2022-05-10 08:22:36.516  INFO 4439 --- [    Test worker] j.LocalContainerEntityManagerFactoryBean : Initialized JPA EntityManagerFactory for persistence unit 'default'
2022-05-10 08:22:41.495  WARN 4439 --- [    Test worker] JpaBaseConfiguration$JpaWebConfiguration : spring.jpa.open-in-view is enabled by default. Therefore, database queries may be performed during view rendering. Explicitly configure spring.jpa.open-in-view to disable this warning
2022-05-10 08:22:44.325 DEBUG 4439 --- [    Test worker] s.w.s.m.m.a.RequestMappingHandlerAdapter : ControllerAdvice beans: 0 @ModelAttribute, 0 @InitBinder, 1 RequestBodyAdvice, 1 ResponseBodyAdvice
2022-05-10 08:22:45.321 TRACE 4439 --- [    Test worker] s.w.s.m.m.a.RequestMappingHandlerMapping : 
	c.e.a.AppApplication:
	{ [/]}: home()
2022-05-10 08:22:45.329 TRACE 4439 --- [    Test worker] s.w.s.m.m.a.RequestMappingHandlerMapping : 
	c.e.a.c.HelloController:
	{GET [/]}: index(Model)
2022-05-10 08:22:45.343 TRACE 4439 --- [    Test worker] s.w.s.m.m.a.RequestMappingHandlerMapping : 
	c.e.a.c.UserController:
	{GET [/users]}: index(Model)
	{DELETE [/users/{id}]}: destroy(Long)
	{POST [/users]}: create(User)
	{GET [/users/new]}: newUser(Model)
	{GET [/users/{id}]}: show(Long,Model)
	{POST [/users/confirm]}: confirm(String,String,String,Model)
2022-05-10 08:22:45.347 TRACE 4439 --- [    Test worker] s.w.s.m.m.a.RequestMappingHandlerMapping : 
	o.s.b.a.w.s.e.BasicErrorController:
	{ [/error]}: error(HttpServletRequest)
	{ [/error], produces [text/html]}: errorHtml(HttpServletRequest,HttpServletResponse)
2022-05-10 08:22:45.349 DEBUG 4439 --- [    Test worker] s.w.s.m.m.a.RequestMappingHandlerMapping : 10 mappings in 'requestMappingHandlerMapping'
2022-05-10 08:22:45.431  INFO 4439 --- [    Test worker] o.s.b.a.w.s.WelcomePageHandlerMapping    : Adding welcome page template: index
2022-05-10 08:22:45.928 DEBUG 4439 --- [    Test worker] o.s.w.s.h.BeanNameUrlHandlerMapping      : Detected 0 mappings in 'beanNameHandlerMapping'
2022-05-10 08:22:46.079 TRACE 4439 --- [    Test worker] o.s.w.s.f.support.RouterFunctionMapping  : 0 RouterFunction(s) in 'routerFunctionMapping'
2022-05-10 08:22:46.276 TRACE 4439 --- [    Test worker] o.s.w.s.handler.SimpleUrlHandlerMapping  : Mapped [/webjars/**] onto ResourceHttpRequestHandler [classpath [META-INF/resources/webjars/]]
2022-05-10 08:22:46.277 TRACE 4439 --- [    Test worker] o.s.w.s.handler.SimpleUrlHandlerMapping  : Mapped [/**] onto ResourceHttpRequestHandler [classpath [META-INF/resources/], classpath [resources/], classpath [static/], classpath [public/], ServletContext [/]]
2022-05-10 08:22:46.278 DEBUG 4439 --- [    Test worker] o.s.w.s.handler.SimpleUrlHandlerMapping  : Patterns [/webjars/**, /**] in 'resourceHandlerMapping'
2022-05-10 08:22:46.438 DEBUG 4439 --- [    Test worker] .m.m.a.ExceptionHandlerExceptionResolver : ControllerAdvice beans: 0 @ExceptionHandler, 1 ResponseBodyAdvice
2022-05-10 08:22:49.345 TRACE 4439 --- [    Test worker] o.s.w.c.s.GenericWebApplicationContext   : Using LifecycleProcessor [org.springframework.context.support.DefaultLifecycleProcessor@5e557671]
2022-05-10 08:22:49.372  INFO 4439 --- [    Test worker] com.example.app.DBSelectTest             : Started DBSelectTest in 42.453 seconds (JVM running for 48.048)
2022-05-10 08:22:49.911  INFO 4439 --- [    Test worker] o.s.t.c.transaction.TransactionContext   : Began transaction (1) for test context [DefaultTestContext@24bdb479 testClass = DBSelectTest, testInstance = com.example.app.DBSelectTest@7e3f95fe, testMethod = contextLoads@DBSelectTest, testException = [null], mergedContextConfiguration = [WebMergedContextConfiguration@34625ccd testClass = DBSelectTest, locations = '{}', classes = '{class com.example.app.AppApplication}', contextInitializerClasses = '[]', activeProfiles = '{}', propertySourceLocations = '{}', propertySourceProperties = '{org.springframework.boot.test.context.SpringBootTestContextBootstrapper=true}', contextCustomizers = set[org.springframework.boot.test.autoconfigure.actuate.metrics.MetricsExportContextCustomizerFactory$DisableMetricExportContextCustomizer@b2c5e07, org.springframework.boot.test.autoconfigure.properties.PropertyMappingContextCustomizer@0, org.springframework.boot.test.autoconfigure.web.servlet.WebDriverContextCustomizerFactory$Customizer@29a0cdb, [ImportsContextCustomizer@2c7d121c key = [org.springframework.boot.test.context.TestConfiguration]], org.springframework.boot.test.context.filter.ExcludeFilterContextCustomizer@24111ef1, org.springframework.boot.test.json.DuplicateJsonObjectContextCustomizerFactory$DuplicateJsonObjectContextCustomizer@5dcb4f5f, org.springframework.boot.test.mock.mockito.MockitoContextCustomizer@0, org.springframework.boot.test.web.client.TestRestTemplateContextCustomizer@51acdf2e, org.springframework.boot.test.context.SpringBootTestArgs@1, org.springframework.boot.test.context.SpringBootTestWebEnvironment@355ce81c], resourceBasePath = 'src/main/webapp', contextLoader = 'org.springframework.boot.test.context.SpringBootContextLoader', parent = [null]], attributes = map['org.springframework.test.context.web.ServletTestExecutionListener.activateListener' -> true, 'com.github.springtestdbunit.DbUnitTestExecutionListener.connection' -> com.github.springtestdbunit.DatabaseConnections@58c16efd, 'com.github.springtestdbunit.DbUnitTestExecutionListener.databseOperationLookup' -> com.github.springtestdbunit.operation.DefaultDatabaseOperationLookup@8d52313, 'com.github.springtestdbunit.DbUnitTestExecutionListener.dataSetLoader' -> com.example.app.CsvDataSetLoader@64f49b3]]; transaction manager [org.springframework.orm.jpa.JpaTransactionManager@40071890]; rollback [true]
2022-05-10 08:22:50.845  WARN 4439 --- [    Test worker] o.dbunit.dataset.AbstractTableMetaData   : Potential problem found: The configured data type factory 'class org.dbunit.dataset.datatype.DefaultDataTypeFactory' might cause problems with the current database 'MySQL' (e.g. some datatypes may not be supported properly). In rare cases you might see this message because the list of supported database products is incomplete (list=[derby]). If so please request a java-class update via the forums.If you are using your own IDataTypeFactory extending DefaultDataTypeFactory, ensure that you override getValidDbProducts() to specify the supported database products.
2022-05-10 08:22:53.197  INFO 4439 --- [    Test worker] o.s.t.c.transaction.TransactionContext   : Rolled back transaction for test: [DefaultTestContext@24bdb479 testClass = DBSelectTest, testInstance = com.example.app.DBSelectTest@7e3f95fe, testMethod = contextLoads@DBSelectTest, testException = [null], mergedContextConfiguration = [WebMergedContextConfiguration@34625ccd testClass = DBSelectTest, locations = '{}', classes = '{class com.example.app.AppApplication}', contextInitializerClasses = '[]', activeProfiles = '{}', propertySourceLocations = '{}', propertySourceProperties = '{org.springframework.boot.test.context.SpringBootTestContextBootstrapper=true}', contextCustomizers = set[org.springframework.boot.test.autoconfigure.actuate.metrics.MetricsExportContextCustomizerFactory$DisableMetricExportContextCustomizer@b2c5e07, org.springframework.boot.test.autoconfigure.properties.PropertyMappingContextCustomizer@0, org.springframework.boot.test.autoconfigure.web.servlet.WebDriverContextCustomizerFactory$Customizer@29a0cdb, [ImportsContextCustomizer@2c7d121c key = [org.springframework.boot.test.context.TestConfiguration]], org.springframework.boot.test.context.filter.ExcludeFilterContextCustomizer@24111ef1, org.springframework.boot.test.json.DuplicateJsonObjectContextCustomizerFactory$DuplicateJsonObjectContextCustomizer@5dcb4f5f, org.springframework.boot.test.mock.mockito.MockitoContextCustomizer@0, org.springframework.boot.test.web.client.TestRestTemplateContextCustomizer@51acdf2e, org.springframework.boot.test.context.SpringBootTestArgs@1, org.springframework.boot.test.context.SpringBootTestWebEnvironment@355ce81c], resourceBasePath = 'src/main/webapp', contextLoader = 'org.springframework.boot.test.context.SpringBootContextLoader', parent = [null]], attributes = map['org.springframework.test.context.web.ServletTestExecutionListener.activateListener' -> true, 'com.github.springtestdbunit.DbUnitTestExecutionListener.connection' -> com.github.springtestdbunit.DatabaseConnections@58c16efd, 'com.github.springtestdbunit.DbUnitTestExecutionListener.databseOperationLookup' -> com.github.springtestdbunit.operation.DefaultDatabaseOperationLookup@8d52313, 'com.github.springtestdbunit.DbUnitTestExecutionListener.dataSetLoader' -> com.example.app.CsvDataSetLoader@64f49b3]]
]]></system-out>
  <system-err><![CDATA[]]></system-err>
</testsuite>
