<?xml version="1.0" encoding="UTF-8"?>
<testsuite name="com.example.app.user.UserRepositoryTests" tests="1" skipped="0" failures="0" errors="0" timestamp="2022-05-12T05:56:09" hostname="bead38903f48" time="0.049">
  <properties/>
  <testcase name="createメソッドでユーザが新しく生成される()" classname="com.example.app.user.UserRepositoryTests" time="0.049"/>
  <system-out><![CDATA[2022-05-12 05:56:09.189  INFO 847 --- [    Test worker] .b.t.c.SpringBootTestContextBootstrapper : Neither @ContextConfiguration nor @ContextHierarchy found for test class [com.example.app.user.UserRepositoryTests], using SpringBootContextLoader
2022-05-12 05:56:09.211  INFO 847 --- [    Test worker] o.s.t.c.support.AbstractContextLoader    : Could not detect default resource locations for test class [com.example.app.user.UserRepositoryTests]: no resource found for suffixes {-context.xml, Context.groovy}.
2022-05-12 05:56:09.211  INFO 847 --- [    Test worker] t.c.s.AnnotationConfigContextLoaderUtils : Could not detect default configuration classes for test class [com.example.app.user.UserRepositoryTests]: UserRepositoryTests does not declare any static, non-private, non-final, nested classes annotated with @Configuration.
2022-05-12 05:56:09.218  INFO 847 --- [    Test worker] .b.t.c.SpringBootTestContextBootstrapper : Found @SpringBootConfiguration com.example.app.AppApplication for test class com.example.app.user.UserRepositoryTests
2022-05-12 05:56:09.220  INFO 847 --- [    Test worker] .b.t.c.SpringBootTestContextBootstrapper : Loaded default TestExecutionListener class names from location [META-INF/spring.factories]: [org.springframework.boot.test.autoconfigure.restdocs.RestDocsTestExecutionListener, org.springframework.boot.test.autoconfigure.web.client.MockRestServiceServerResetTestExecutionListener, org.springframework.boot.test.autoconfigure.web.servlet.MockMvcPrintOnlyOnFailureTestExecutionListener, org.springframework.boot.test.autoconfigure.web.servlet.WebDriverTestExecutionListener, org.springframework.boot.test.autoconfigure.webservices.client.MockWebServiceServerTestExecutionListener, org.springframework.boot.test.mock.mockito.MockitoTestExecutionListener, org.springframework.boot.test.mock.mockito.ResetMocksTestExecutionListener, org.springframework.test.context.web.ServletTestExecutionListener, org.springframework.test.context.support.DirtiesContextBeforeModesTestExecutionListener, org.springframework.test.context.event.ApplicationEventsTestExecutionListener, org.springframework.test.context.support.DependencyInjectionTestExecutionListener, org.springframework.test.context.support.DirtiesContextTestExecutionListener, org.springframework.test.context.transaction.TransactionalTestExecutionListener, org.springframework.test.context.jdbc.SqlScriptsTestExecutionListener, org.springframework.test.context.event.EventPublishingTestExecutionListener]
2022-05-12 05:56:09.221  INFO 847 --- [    Test worker] .b.t.c.SpringBootTestContextBootstrapper : Using TestExecutionListeners: [org.springframework.test.context.web.ServletTestExecutionListener@6bb01b34, org.springframework.test.context.support.DirtiesContextBeforeModesTestExecutionListener@27ad03, org.springframework.test.context.event.ApplicationEventsTestExecutionListener@850579f, org.springframework.boot.test.mock.mockito.MockitoTestExecutionListener@374bbe80, org.springframework.boot.test.autoconfigure.SpringBootDependencyInjectionTestExecutionListener@5c496ae6, org.springframework.test.context.support.DirtiesContextTestExecutionListener@613b9bd9, org.springframework.test.context.transaction.TransactionalTestExecutionListener@6bddd4ce, org.springframework.test.context.jdbc.SqlScriptsTestExecutionListener@108d88b, org.springframework.test.context.event.EventPublishingTestExecutionListener@16019c16, org.springframework.boot.test.autoconfigure.restdocs.RestDocsTestExecutionListener@2b59285c, org.springframework.boot.test.autoconfigure.web.client.MockRestServiceServerResetTestExecutionListener@2ea7e25d, org.springframework.boot.test.autoconfigure.web.servlet.MockMvcPrintOnlyOnFailureTestExecutionListener@692cab82, org.springframework.boot.test.autoconfigure.web.servlet.WebDriverTestExecutionListener@73d76b9d, org.springframework.boot.test.autoconfigure.webservices.client.MockWebServiceServerTestExecutionListener@11aeb673, org.springframework.boot.test.mock.mockito.ResetMocksTestExecutionListener@a0b11]
2022-05-12 05:56:09.244  INFO 847 --- [    Test worker] o.s.t.c.transaction.TransactionContext   : Began transaction (1) for test context [DefaultTestContext@704e27f9 testClass = UserRepositoryTests, testInstance = com.example.app.user.UserRepositoryTests@4a83c651, testMethod = createメソッドでユーザが新しく生成される@UserRepositoryTests, testException = [null], mergedContextConfiguration = [WebMergedContextConfiguration@2091b6b9 testClass = UserRepositoryTests, locations = '{}', classes = '{class com.example.app.AppApplication}', contextInitializerClasses = '[]', activeProfiles = '{}', propertySourceLocations = '{}', propertySourceProperties = '{org.springframework.boot.test.context.SpringBootTestContextBootstrapper=true}', contextCustomizers = set[org.springframework.boot.test.autoconfigure.actuate.metrics.MetricsExportContextCustomizerFactory$DisableMetricExportContextCustomizer@6187d1f5, org.springframework.boot.test.autoconfigure.properties.PropertyMappingContextCustomizer@0, org.springframework.boot.test.autoconfigure.web.servlet.WebDriverContextCustomizerFactory$Customizer@76884e4b, [ImportsContextCustomizer@67091f3b key = [org.springframework.boot.test.context.TestConfiguration]], org.springframework.boot.test.context.filter.ExcludeFilterContextCustomizer@16c63f5, org.springframework.boot.test.json.DuplicateJsonObjectContextCustomizerFactory$DuplicateJsonObjectContextCustomizer@b1712f3, org.springframework.boot.test.mock.mockito.MockitoContextCustomizer@0, org.springframework.boot.test.web.client.TestRestTemplateContextCustomizer@6bbe2511, org.springframework.boot.test.web.reactive.server.WebTestClientContextCustomizer@7a1a3478, org.springframework.boot.test.context.SpringBootTestArgs@1, org.springframework.boot.test.context.SpringBootTestWebEnvironment@2cd2a21f], resourceBasePath = 'src/main/webapp', contextLoader = 'org.springframework.boot.test.context.SpringBootContextLoader', parent = [null]], attributes = map['org.springframework.test.context.web.ServletTestExecutionListener.activateListener' -> true, 'org.springframework.test.context.web.ServletTestExecutionListener.populatedRequestContextHolder' -> true, 'org.springframework.test.context.web.ServletTestExecutionListener.resetRequestContextHolder' -> true, 'org.springframework.test.context.event.ApplicationEventsTestExecutionListener.recordApplicationEvents' -> false]]; transaction manager [org.springframework.orm.jpa.JpaTransactionManager@1ead6e20]; rollback [true]
2022-05-12 05:56:09.289  INFO 847 --- [    Test worker] o.s.t.c.transaction.TransactionContext   : Rolled back transaction for test: [DefaultTestContext@704e27f9 testClass = UserRepositoryTests, testInstance = com.example.app.user.UserRepositoryTests@4a83c651, testMethod = createメソッドでユーザが新しく生成される@UserRepositoryTests, testException = [null], mergedContextConfiguration = [WebMergedContextConfiguration@2091b6b9 testClass = UserRepositoryTests, locations = '{}', classes = '{class com.example.app.AppApplication}', contextInitializerClasses = '[]', activeProfiles = '{}', propertySourceLocations = '{}', propertySourceProperties = '{org.springframework.boot.test.context.SpringBootTestContextBootstrapper=true}', contextCustomizers = set[org.springframework.boot.test.autoconfigure.actuate.metrics.MetricsExportContextCustomizerFactory$DisableMetricExportContextCustomizer@6187d1f5, org.springframework.boot.test.autoconfigure.properties.PropertyMappingContextCustomizer@0, org.springframework.boot.test.autoconfigure.web.servlet.WebDriverContextCustomizerFactory$Customizer@76884e4b, [ImportsContextCustomizer@67091f3b key = [org.springframework.boot.test.context.TestConfiguration]], org.springframework.boot.test.context.filter.ExcludeFilterContextCustomizer@16c63f5, org.springframework.boot.test.json.DuplicateJsonObjectContextCustomizerFactory$DuplicateJsonObjectContextCustomizer@b1712f3, org.springframework.boot.test.mock.mockito.MockitoContextCustomizer@0, org.springframework.boot.test.web.client.TestRestTemplateContextCustomizer@6bbe2511, org.springframework.boot.test.web.reactive.server.WebTestClientContextCustomizer@7a1a3478, org.springframework.boot.test.context.SpringBootTestArgs@1, org.springframework.boot.test.context.SpringBootTestWebEnvironment@2cd2a21f], resourceBasePath = 'src/main/webapp', contextLoader = 'org.springframework.boot.test.context.SpringBootContextLoader', parent = [null]], attributes = map['org.springframework.test.context.web.ServletTestExecutionListener.activateListener' -> true, 'org.springframework.test.context.web.ServletTestExecutionListener.populatedRequestContextHolder' -> true, 'org.springframework.test.context.web.ServletTestExecutionListener.resetRequestContextHolder' -> true, 'org.springframework.test.context.event.ApplicationEventsTestExecutionListener.recordApplicationEvents' -> false]]
]]></system-out>
  <system-err><![CDATA[]]></system-err>
</testsuite>
