<?xml version="1.0" encoding="UTF-8"?>
<testsuite name="com.example.app.user.UserRepositoryTests" tests="1" skipped="0" failures="0" errors="0" timestamp="2022-05-10T14:42:49" hostname="94e6a9a8161d" time="0.295">
  <properties/>
  <testcase name="createメソッドでユーザが新しく生成される()" classname="com.example.app.user.UserRepositoryTests" time="0.295"/>
  <system-out><![CDATA[2022-05-10 14:42:49.752  INFO 532 --- [    Test worker] .b.t.c.SpringBootTestContextBootstrapper : Neither @ContextConfiguration nor @ContextHierarchy found for test class [com.example.app.user.UserRepositoryTests], using SpringBootContextLoader
2022-05-10 14:42:49.772  INFO 532 --- [    Test worker] o.s.t.c.support.AbstractContextLoader    : Could not detect default resource locations for test class [com.example.app.user.UserRepositoryTests]: no resource found for suffixes {-context.xml, Context.groovy}.
2022-05-10 14:42:49.774  INFO 532 --- [    Test worker] t.c.s.AnnotationConfigContextLoaderUtils : Could not detect default configuration classes for test class [com.example.app.user.UserRepositoryTests]: UserRepositoryTests does not declare any static, non-private, non-final, nested classes annotated with @Configuration.
2022-05-10 14:42:49.780  INFO 532 --- [    Test worker] .b.t.c.SpringBootTestContextBootstrapper : Found @SpringBootConfiguration com.example.app.AppApplication for test class com.example.app.user.UserRepositoryTests
2022-05-10 14:42:49.800  INFO 532 --- [    Test worker] .b.t.c.SpringBootTestContextBootstrapper : Loaded default TestExecutionListener class names from location [META-INF/spring.factories]: [org.springframework.boot.test.autoconfigure.restdocs.RestDocsTestExecutionListener, org.springframework.boot.test.autoconfigure.web.client.MockRestServiceServerResetTestExecutionListener, org.springframework.boot.test.autoconfigure.web.servlet.MockMvcPrintOnlyOnFailureTestExecutionListener, org.springframework.boot.test.autoconfigure.web.servlet.WebDriverTestExecutionListener, org.springframework.boot.test.autoconfigure.webservices.client.MockWebServiceServerTestExecutionListener, org.springframework.boot.test.mock.mockito.MockitoTestExecutionListener, org.springframework.boot.test.mock.mockito.ResetMocksTestExecutionListener, org.springframework.test.context.web.ServletTestExecutionListener, org.springframework.test.context.support.DirtiesContextBeforeModesTestExecutionListener, org.springframework.test.context.event.ApplicationEventsTestExecutionListener, org.springframework.test.context.support.DependencyInjectionTestExecutionListener, org.springframework.test.context.support.DirtiesContextTestExecutionListener, org.springframework.test.context.transaction.TransactionalTestExecutionListener, org.springframework.test.context.jdbc.SqlScriptsTestExecutionListener, org.springframework.test.context.event.EventPublishingTestExecutionListener]
2022-05-10 14:42:49.801  INFO 532 --- [    Test worker] .b.t.c.SpringBootTestContextBootstrapper : Using TestExecutionListeners: [org.springframework.test.context.web.ServletTestExecutionListener@9fe1e14, org.springframework.test.context.support.DirtiesContextBeforeModesTestExecutionListener@d4e17ec, org.springframework.test.context.event.ApplicationEventsTestExecutionListener@41d34a11, org.springframework.boot.test.mock.mockito.MockitoTestExecutionListener@2a58d00a, org.springframework.boot.test.autoconfigure.SpringBootDependencyInjectionTestExecutionListener@53af65eb, org.springframework.test.context.support.DirtiesContextTestExecutionListener@2ea3f905, org.springframework.test.context.transaction.TransactionalTestExecutionListener@757bbd02, org.springframework.test.context.jdbc.SqlScriptsTestExecutionListener@194feb27, org.springframework.test.context.event.EventPublishingTestExecutionListener@316745d8, org.springframework.boot.test.autoconfigure.restdocs.RestDocsTestExecutionListener@3df920, org.springframework.boot.test.autoconfigure.web.client.MockRestServiceServerResetTestExecutionListener@2806c788, org.springframework.boot.test.autoconfigure.web.servlet.MockMvcPrintOnlyOnFailureTestExecutionListener@4ef6177c, org.springframework.boot.test.autoconfigure.web.servlet.WebDriverTestExecutionListener@45b4d2ff, org.springframework.boot.test.autoconfigure.webservices.client.MockWebServiceServerTestExecutionListener@2aafd790, org.springframework.boot.test.mock.mockito.ResetMocksTestExecutionListener@340b7fca]
2022-05-10 14:42:49.819  INFO 532 --- [    Test worker] o.s.t.c.transaction.TransactionContext   : Began transaction (1) for test context [DefaultTestContext@2978d342 testClass = UserRepositoryTests, testInstance = com.example.app.user.UserRepositoryTests@7dbf92aa, testMethod = createメソッドでユーザが新しく生成される@UserRepositoryTests, testException = [null], mergedContextConfiguration = [WebMergedContextConfiguration@122557f8 testClass = UserRepositoryTests, locations = '{}', classes = '{class com.example.app.AppApplication}', contextInitializerClasses = '[]', activeProfiles = '{}', propertySourceLocations = '{}', propertySourceProperties = '{org.springframework.boot.test.context.SpringBootTestContextBootstrapper=true}', contextCustomizers = set[org.springframework.boot.test.autoconfigure.actuate.metrics.MetricsExportContextCustomizerFactory$DisableMetricExportContextCustomizer@72437d8d, org.springframework.boot.test.autoconfigure.properties.PropertyMappingContextCustomizer@0, org.springframework.boot.test.autoconfigure.web.servlet.WebDriverContextCustomizerFactory$Customizer@42039326, [ImportsContextCustomizer@1e8f20bf key = [org.springframework.boot.test.context.TestConfiguration]], org.springframework.boot.test.context.filter.ExcludeFilterContextCustomizer@a87f8ec, org.springframework.boot.test.json.DuplicateJsonObjectContextCustomizerFactory$DuplicateJsonObjectContextCustomizer@7d1cfb8b, org.springframework.boot.test.mock.mockito.MockitoContextCustomizer@0, org.springframework.boot.test.web.client.TestRestTemplateContextCustomizer@47f9738, org.springframework.boot.test.context.SpringBootTestArgs@1, org.springframework.boot.test.context.SpringBootTestWebEnvironment@50caa560], resourceBasePath = 'src/main/webapp', contextLoader = 'org.springframework.boot.test.context.SpringBootContextLoader', parent = [null]], attributes = map['org.springframework.test.context.web.ServletTestExecutionListener.activateListener' -> true, 'org.springframework.test.context.web.ServletTestExecutionListener.populatedRequestContextHolder' -> true, 'org.springframework.test.context.web.ServletTestExecutionListener.resetRequestContextHolder' -> true, 'org.springframework.test.context.event.ApplicationEventsTestExecutionListener.recordApplicationEvents' -> false]]; transaction manager [org.springframework.orm.jpa.JpaTransactionManager@a2ca681]; rollback [true]
2022-05-10 14:42:50.112  INFO 532 --- [    Test worker] o.s.t.c.transaction.TransactionContext   : Rolled back transaction for test: [DefaultTestContext@2978d342 testClass = UserRepositoryTests, testInstance = com.example.app.user.UserRepositoryTests@7dbf92aa, testMethod = createメソッドでユーザが新しく生成される@UserRepositoryTests, testException = [null], mergedContextConfiguration = [WebMergedContextConfiguration@122557f8 testClass = UserRepositoryTests, locations = '{}', classes = '{class com.example.app.AppApplication}', contextInitializerClasses = '[]', activeProfiles = '{}', propertySourceLocations = '{}', propertySourceProperties = '{org.springframework.boot.test.context.SpringBootTestContextBootstrapper=true}', contextCustomizers = set[org.springframework.boot.test.autoconfigure.actuate.metrics.MetricsExportContextCustomizerFactory$DisableMetricExportContextCustomizer@72437d8d, org.springframework.boot.test.autoconfigure.properties.PropertyMappingContextCustomizer@0, org.springframework.boot.test.autoconfigure.web.servlet.WebDriverContextCustomizerFactory$Customizer@42039326, [ImportsContextCustomizer@1e8f20bf key = [org.springframework.boot.test.context.TestConfiguration]], org.springframework.boot.test.context.filter.ExcludeFilterContextCustomizer@a87f8ec, org.springframework.boot.test.json.DuplicateJsonObjectContextCustomizerFactory$DuplicateJsonObjectContextCustomizer@7d1cfb8b, org.springframework.boot.test.mock.mockito.MockitoContextCustomizer@0, org.springframework.boot.test.web.client.TestRestTemplateContextCustomizer@47f9738, org.springframework.boot.test.context.SpringBootTestArgs@1, org.springframework.boot.test.context.SpringBootTestWebEnvironment@50caa560], resourceBasePath = 'src/main/webapp', contextLoader = 'org.springframework.boot.test.context.SpringBootContextLoader', parent = [null]], attributes = map['org.springframework.test.context.web.ServletTestExecutionListener.activateListener' -> true, 'org.springframework.test.context.web.ServletTestExecutionListener.populatedRequestContextHolder' -> true, 'org.springframework.test.context.web.ServletTestExecutionListener.resetRequestContextHolder' -> true, 'org.springframework.test.context.event.ApplicationEventsTestExecutionListener.recordApplicationEvents' -> false]]
]]></system-out>
  <system-err><![CDATA[]]></system-err>
</testsuite>
