<?xml version="1.0" encoding="UTF-8"?>
<testsuite name="com.example.app.DBSelectTest" tests="1" skipped="0" failures="0" errors="0" timestamp="2022-05-12T05:55:22" hostname="bead38903f48" time="2.533">
  <properties/>
  <testcase name="DBからレコードを取得()" classname="com.example.app.DBSelectTest" time="2.533"/>
  <system-out><![CDATA[2022-05-12 05:55:09.528  INFO 847 --- [    Test worker] .b.t.c.SpringBootTestContextBootstrapper : Neither @ContextConfiguration nor @ContextHierarchy found for test class [com.example.app.DBSelectTest], using SpringBootContextLoader
2022-05-12 05:55:09.545  INFO 847 --- [    Test worker] o.s.t.c.support.AbstractContextLoader    : Could not detect default resource locations for test class [com.example.app.DBSelectTest]: no resource found for suffixes {-context.xml, Context.groovy}.
2022-05-12 05:55:09.545  INFO 847 --- [    Test worker] t.c.s.AnnotationConfigContextLoaderUtils : Could not detect default configuration classes for test class [com.example.app.DBSelectTest]: DBSelectTest does not declare any static, non-private, non-final, nested classes annotated with @Configuration.
2022-05-12 05:55:09.589  INFO 847 --- [    Test worker] .b.t.c.SpringBootTestContextBootstrapper : Found @SpringBootConfiguration com.example.app.AppApplication for test class com.example.app.DBSelectTest
2022-05-12 05:55:09.609  INFO 847 --- [    Test worker] .b.t.c.SpringBootTestContextBootstrapper : Using TestExecutionListeners: [org.springframework.test.context.support.DependencyInjectionTestExecutionListener@5a0b550a, org.springframework.test.context.transaction.TransactionalTestExecutionListener@3390621a, com.github.springtestdbunit.DbUnitTestExecutionListener@69d9d322]

  .   ____          _            __ _ _
 /\\ / ___'_ __ _ _(_)_ __  __ _ \ \ \ \
( ( )\___ | '_ | '_| | '_ \/ _` | \ \ \ \
 \\/  ___)| |_)| | | | | || (_| |  ) ) ) )
  '  |____| .__|_| |_|_| |_\__, | / / / /
 =========|_|==============|___/=/_/_/_/
 :: Spring Boot ::                (v2.6.7)

2022-05-12 05:55:09.878  INFO 847 --- [    Test worker] com.example.app.DBSelectTest             : Starting DBSelectTest using Java 15.0.2 on bead38903f48 with PID 847 (started by root in /srv)
2022-05-12 05:55:09.879  INFO 847 --- [    Test worker] com.example.app.DBSelectTest             : No active profile set, falling back to 1 default profile: "default"
2022-05-12 05:55:09.919 TRACE 847 --- [    Test worker] o.s.w.c.s.GenericWebApplicationContext   : Refreshing org.springframework.web.context.support.GenericWebApplicationContext@6f9e6a85, started on Thu May 12 05:55:09 UTC 2022
2022-05-12 05:55:12.287  INFO 847 --- [    Test worker] .s.d.r.c.RepositoryConfigurationDelegate : Bootstrapping Spring Data JPA repositories in DEFAULT mode.
2022-05-12 05:55:12.661  INFO 847 --- [    Test worker] .s.d.r.c.RepositoryConfigurationDelegate : Finished Spring Data repository scanning in 372 ms. Found 1 JPA repository interfaces.
2022-05-12 05:55:13.668 TRACE 847 --- [    Test worker] o.s.w.c.s.GenericWebApplicationContext   : No 'messageSource' bean, using [Empty MessageSource]
2022-05-12 05:55:13.669 TRACE 847 --- [    Test worker] o.s.w.c.s.GenericWebApplicationContext   : No 'applicationEventMulticaster' bean, using [SimpleApplicationEventMulticaster]
2022-05-12 05:55:14.077  INFO 847 --- [    Test worker] com.zaxxer.hikari.HikariDataSource       : HikariPool-2 - Starting...
2022-05-12 05:55:14.112  INFO 847 --- [    Test worker] com.zaxxer.hikari.HikariDataSource       : HikariPool-2 - Start completed.
2022-05-12 05:55:14.580  INFO 847 --- [    Test worker] o.hibernate.jpa.internal.util.LogHelper  : HHH000204: Processing PersistenceUnitInfo [name: default]
2022-05-12 05:55:14.805  INFO 847 --- [    Test worker] org.hibernate.dialect.Dialect            : HHH000400: Using dialect: org.hibernate.dialect.MySQL8Dialect
2022-05-12 05:55:15.091  INFO 847 --- [    Test worker] o.h.e.t.j.p.i.JtaPlatformInitiator       : HHH000490: Using JtaPlatform implementation: [org.hibernate.engine.transaction.jta.platform.internal.NoJtaPlatform]
2022-05-12 05:55:15.092  INFO 847 --- [    Test worker] j.LocalContainerEntityManagerFactoryBean : Initialized JPA EntityManagerFactory for persistence unit 'default'
2022-05-12 05:55:17.578  WARN 847 --- [    Test worker] JpaBaseConfiguration$JpaWebConfiguration : spring.jpa.open-in-view is enabled by default. Therefore, database queries may be performed during view rendering. Explicitly configure spring.jpa.open-in-view to disable this warning
2022-05-12 05:55:18.549 DEBUG 847 --- [    Test worker] s.w.s.m.m.a.RequestMappingHandlerAdapter : ControllerAdvice beans: 0 @ModelAttribute, 0 @InitBinder, 1 RequestBodyAdvice, 1 ResponseBodyAdvice
2022-05-12 05:55:18.782 TRACE 847 --- [    Test worker] s.w.s.m.m.a.RequestMappingHandlerMapping : 
	c.e.a.AppApplication:
	{ [/]}: home()
2022-05-12 05:55:18.784 TRACE 847 --- [    Test worker] s.w.s.m.m.a.RequestMappingHandlerMapping : 
	c.e.a.c.HelloController:
	{GET [/]}: index(Model)
2022-05-12 05:55:18.787 TRACE 847 --- [    Test worker] s.w.s.m.m.a.RequestMappingHandlerMapping : 
	c.e.a.c.UserController:
	{GET [/users]}: index(Model)
	{POST [/users]}: create(User)
	{GET [/users/new]}: newUser(Model)
	{POST [/users/confirm]}: confirm(String,String,String,Model)
2022-05-12 05:55:18.789 TRACE 847 --- [    Test worker] s.w.s.m.m.a.RequestMappingHandlerMapping : 
	o.s.b.a.w.s.e.BasicErrorController:
	{ [/error]}: error(HttpServletRequest)
	{ [/error], produces [text/html]}: errorHtml(HttpServletRequest,HttpServletResponse)
2022-05-12 05:55:18.790 DEBUG 847 --- [    Test worker] s.w.s.m.m.a.RequestMappingHandlerMapping : 8 mappings in 'requestMappingHandlerMapping'
2022-05-12 05:55:18.858  INFO 847 --- [    Test worker] o.s.b.a.w.s.WelcomePageHandlerMapping    : Adding welcome page template: index
2022-05-12 05:55:19.316 DEBUG 847 --- [    Test worker] o.s.w.s.h.BeanNameUrlHandlerMapping      : Detected 0 mappings in 'beanNameHandlerMapping'
2022-05-12 05:55:19.451 TRACE 847 --- [    Test worker] o.s.w.s.f.support.RouterFunctionMapping  : 0 RouterFunction(s) in 'routerFunctionMapping'
2022-05-12 05:55:19.606 TRACE 847 --- [    Test worker] o.s.w.s.handler.SimpleUrlHandlerMapping  : Mapped [/webjars/**] onto ResourceHttpRequestHandler [classpath [META-INF/resources/webjars/]]
2022-05-12 05:55:19.608 TRACE 847 --- [    Test worker] o.s.w.s.handler.SimpleUrlHandlerMapping  : Mapped [/**] onto ResourceHttpRequestHandler [classpath [META-INF/resources/], classpath [resources/], classpath [static/], classpath [public/], ServletContext [/]]
2022-05-12 05:55:19.612 DEBUG 847 --- [    Test worker] o.s.w.s.handler.SimpleUrlHandlerMapping  : Patterns [/webjars/**, /**] in 'resourceHandlerMapping'
2022-05-12 05:55:19.737 DEBUG 847 --- [    Test worker] .m.m.a.ExceptionHandlerExceptionResolver : ControllerAdvice beans: 0 @ExceptionHandler, 1 ResponseBodyAdvice
2022-05-12 05:55:22.577 TRACE 847 --- [    Test worker] o.s.w.c.s.GenericWebApplicationContext   : Using LifecycleProcessor [org.springframework.context.support.DefaultLifecycleProcessor@1fa8a4f7]
2022-05-12 05:55:22.581  INFO 847 --- [    Test worker] com.example.app.DBSelectTest             : Started DBSelectTest in 12.969 seconds (JVM running for 74.142)
2022-05-12 05:55:23.014  INFO 847 --- [    Test worker] o.s.t.c.transaction.TransactionContext   : Began transaction (1) for test context [DefaultTestContext@700b035b testClass = DBSelectTest, testInstance = com.example.app.DBSelectTest@786de0a3, testMethod = DBからレコードを取得@DBSelectTest, testException = [null], mergedContextConfiguration = [WebMergedContextConfiguration@472dc215 testClass = DBSelectTest, locations = '{}', classes = '{class com.example.app.AppApplication}', contextInitializerClasses = '[]', activeProfiles = '{}', propertySourceLocations = '{}', propertySourceProperties = '{org.springframework.boot.test.context.SpringBootTestContextBootstrapper=true}', contextCustomizers = set[org.springframework.boot.test.autoconfigure.actuate.metrics.MetricsExportContextCustomizerFactory$DisableMetricExportContextCustomizer@6187d1f5, org.springframework.boot.test.autoconfigure.properties.PropertyMappingContextCustomizer@0, org.springframework.boot.test.autoconfigure.web.servlet.WebDriverContextCustomizerFactory$Customizer@76884e4b, [ImportsContextCustomizer@1f031994 key = [org.springframework.boot.test.context.TestConfiguration]], org.springframework.boot.test.context.filter.ExcludeFilterContextCustomizer@16c63f5, org.springframework.boot.test.json.DuplicateJsonObjectContextCustomizerFactory$DuplicateJsonObjectContextCustomizer@b1712f3, org.springframework.boot.test.mock.mockito.MockitoContextCustomizer@0, org.springframework.boot.test.web.client.TestRestTemplateContextCustomizer@6bbe2511, org.springframework.boot.test.web.reactive.server.WebTestClientContextCustomizer@7a1a3478, org.springframework.boot.test.context.SpringBootTestArgs@1, org.springframework.boot.test.context.SpringBootTestWebEnvironment@2cd2a21f], resourceBasePath = 'src/main/webapp', contextLoader = 'org.springframework.boot.test.context.SpringBootContextLoader', parent = [null]], attributes = map['org.springframework.test.context.web.ServletTestExecutionListener.activateListener' -> true, 'com.github.springtestdbunit.DbUnitTestExecutionListener.connection' -> com.github.springtestdbunit.DatabaseConnections@37bac0f4, 'com.github.springtestdbunit.DbUnitTestExecutionListener.databseOperationLookup' -> com.github.springtestdbunit.operation.DefaultDatabaseOperationLookup@20c55658, 'com.github.springtestdbunit.DbUnitTestExecutionListener.dataSetLoader' -> com.example.app.CsvDataSetLoader@951053f]]; transaction manager [org.springframework.orm.jpa.JpaTransactionManager@1ead6e20]; rollback [true]
2022-05-12 05:55:23.753  WARN 847 --- [    Test worker] o.dbunit.dataset.AbstractTableMetaData   : Potential problem found: The configured data type factory 'class org.dbunit.dataset.datatype.DefaultDataTypeFactory' might cause problems with the current database 'MySQL' (e.g. some datatypes may not be supported properly). In rare cases you might see this message because the list of supported database products is incomplete (list=[derby]). If so please request a java-class update via the forums.If you are using your own IDataTypeFactory extending DefaultDataTypeFactory, ensure that you override getValidDbProducts() to specify the supported database products.
2022-05-12 05:55:25.435  INFO 847 --- [    Test worker] o.s.t.c.transaction.TransactionContext   : Rolled back transaction for test: [DefaultTestContext@700b035b testClass = DBSelectTest, testInstance = com.example.app.DBSelectTest@786de0a3, testMethod = DBからレコードを取得@DBSelectTest, testException = [null], mergedContextConfiguration = [WebMergedContextConfiguration@472dc215 testClass = DBSelectTest, locations = '{}', classes = '{class com.example.app.AppApplication}', contextInitializerClasses = '[]', activeProfiles = '{}', propertySourceLocations = '{}', propertySourceProperties = '{org.springframework.boot.test.context.SpringBootTestContextBootstrapper=true}', contextCustomizers = set[org.springframework.boot.test.autoconfigure.actuate.metrics.MetricsExportContextCustomizerFactory$DisableMetricExportContextCustomizer@6187d1f5, org.springframework.boot.test.autoconfigure.properties.PropertyMappingContextCustomizer@0, org.springframework.boot.test.autoconfigure.web.servlet.WebDriverContextCustomizerFactory$Customizer@76884e4b, [ImportsContextCustomizer@1f031994 key = [org.springframework.boot.test.context.TestConfiguration]], org.springframework.boot.test.context.filter.ExcludeFilterContextCustomizer@16c63f5, org.springframework.boot.test.json.DuplicateJsonObjectContextCustomizerFactory$DuplicateJsonObjectContextCustomizer@b1712f3, org.springframework.boot.test.mock.mockito.MockitoContextCustomizer@0, org.springframework.boot.test.web.client.TestRestTemplateContextCustomizer@6bbe2511, org.springframework.boot.test.web.reactive.server.WebTestClientContextCustomizer@7a1a3478, org.springframework.boot.test.context.SpringBootTestArgs@1, org.springframework.boot.test.context.SpringBootTestWebEnvironment@2cd2a21f], resourceBasePath = 'src/main/webapp', contextLoader = 'org.springframework.boot.test.context.SpringBootContextLoader', parent = [null]], attributes = map['org.springframework.test.context.web.ServletTestExecutionListener.activateListener' -> true, 'com.github.springtestdbunit.DbUnitTestExecutionListener.connection' -> com.github.springtestdbunit.DatabaseConnections@37bac0f4, 'com.github.springtestdbunit.DbUnitTestExecutionListener.databseOperationLookup' -> com.github.springtestdbunit.operation.DefaultDatabaseOperationLookup@20c55658, 'com.github.springtestdbunit.DbUnitTestExecutionListener.dataSetLoader' -> com.example.app.CsvDataSetLoader@951053f]]
]]></system-out>
  <system-err><![CDATA[]]></system-err>
</testsuite>
